<?xml version="1.0" encoding="UTF-8"?>
<testsuite xmlns:xsi="http://www.w3.org/2001/XMLSchema-instance" xsi:noNamespaceSchemaLocation="https://maven.apache.org/surefire/maven-surefire-plugin/xsd/surefire-test-report-3.0.xsd" version="3.0" name="es.mybopi.mybopi.MybopiApplicationTests" time="6.337" tests="1" errors="0" skipped="0" failures="0">
  <properties>
[...]
</properties>
  <testcase name="contextLoads" classname="es.mybopi.mybopi.MybopiApplicationTests" time="0.359">
    <system-out><![CDATA[11:44:05.011 [main] INFO org.springframework.test.context.support.AnnotationConfigContextLoaderUtils -- Could not detect default configuration classes for test class [es.mybopi.mybopi.MybopiApplicationTests]: MybopiApplicationTests does not declare any static, non-private, non-final, nested classes annotated with @Configuration.
11:44:05.094 [main] INFO org.springframework.boot.test.context.SpringBootTestContextBootstrapper -- Found @SpringBootConfiguration es.mybopi.MybopiApplication for test class es.mybopi.mybopi.MybopiApplicationTests
11:44:05.259 [main] INFO org.springframework.boot.devtools.restart.RestartApplicationListener -- Restart disabled due to context in which it is running
  .   ____          _            __ _ _
 /\\ / ___'_ __ _ _(_)_ __  __ _ \ \ \ \
( ( )\___ | '_ | '_| | '_ \/ _` | \ \ \ \
 \\/  ___)| |_)| | | | | || (_| |  ) ) ) )
  '  |____| .__|_| |_|_| |_\__, | / / / /
 =========|_|==============|___/=/_/_/_/

 :: Spring Boot ::                (v3.3.0)

2024-09-02T11:44:05.457+02:00  INFO 10408 --- [mybopi] [           main] e.mybopi.mybopi.MybopiApplicationTests   : Starting MybopiApplicationTests using Java 21.0.4 with PID 10408 (started by edu_m in c:\Users\edu_m\mybopi\mybopi)
2024-09-02T11:44:05.458+02:00  INFO 10408 --- [mybopi] [           main] e.mybopi.mybopi.MybopiApplicationTests   : No active profile set, falling back to 1 default profile: "default"
2024-09-02T11:44:06.220+02:00  INFO 10408 --- [mybopi] [           main] .s.d.r.c.RepositoryConfigurationDelegate : Bootstrapping Spring Data JPA repositories in DEFAULT mode.
2024-09-02T11:44:06.271+02:00  INFO 10408 --- [mybopi] [           main] .s.d.r.c.RepositoryConfigurationDelegate : Finished Spring Data repository scanning in 45 ms. Found 4 JPA repository interfaces.
2024-09-02T11:44:06.894+02:00  INFO 10408 --- [mybopi] [           main] o.hibernate.jpa.internal.util.LogHelper  : HHH000204: Processing PersistenceUnitInfo [name: default]
2024-09-02T11:44:06.984+02:00  INFO 10408 --- [mybopi] [           main] org.hibernate.Version                    : HHH000412: Hibernate ORM core version 6.5.2.Final
2024-09-02T11:44:07.020+02:00  INFO 10408 --- [mybopi] [           main] o.h.c.internal.RegionFactoryInitiator    : HHH000026: Second-level cache disabled
2024-09-02T11:44:07.313+02:00  INFO 10408 --- [mybopi] [           main] o.s.o.j.p.SpringPersistenceUnitInfo      : No LoadTimeWeaver setup: ignoring JPA class transformer
2024-09-02T11:44:07.337+02:00  INFO 10408 --- [mybopi] [           main] com.zaxxer.hikari.HikariDataSource       : HikariPool-1 - Starting...
2024-09-02T11:44:07.597+02:00  INFO 10408 --- [mybopi] [           main] com.zaxxer.hikari.pool.HikariPool        : HikariPool-1 - Added connection com.mysql.cj.jdbc.ConnectionImpl@219edc05
2024-09-02T11:44:07.599+02:00  INFO 10408 --- [mybopi] [           main] com.zaxxer.hikari.HikariDataSource       : HikariPool-1 - Start completed.
2024-09-02T11:44:08.411+02:00  INFO 10408 --- [mybopi] [           main] o.h.e.t.j.p.i.JtaPlatformInitiator       : HHH000489: No JTA platform available (set 'hibernate.transaction.jta.platform' to enable JTA platform integration)
Hibernate: 
    alter table productos 
       modify column descripcion LONGTEXT
2024-09-02T11:44:08.490+02:00  INFO 10408 --- [mybopi] [           main] j.LocalContainerEntityManagerFactoryBean : Initialized JPA EntityManagerFactory for persistence unit 'default'
2024-09-02T11:44:08.878+02:00  INFO 10408 --- [mybopi] [           main] o.s.d.j.r.query.QueryEnhancerFactory     : Hibernate is in classpath; If applicable, HQL parser will be used.
2024-09-02T11:44:09.329+02:00  WARN 10408 --- [mybopi] [           main] JpaBaseConfiguration$JpaWebConfiguration : spring.jpa.open-in-view is enabled by default. Therefore, database queries may be performed during view rendering. Explicitly configure spring.jpa.open-in-view to disable this warning
2024-09-02T11:44:09.362+02:00  INFO 10408 --- [mybopi] [           main] eAuthenticationProviderManagerConfigurer : Global AuthenticationManager configured with AuthenticationProvider bean with name authenticationProvider
2024-09-02T11:44:09.363+02:00  WARN 10408 --- [mybopi] [           main] r$InitializeUserDetailsManagerConfigurer : Global AuthenticationManager configured with an AuthenticationProvider bean. UserDetailsService beans will not be used for username/password login. Consider removing the AuthenticationProvider bean. Alternatively, consider using the UserDetailsService in a manually instantiated DaoAuthenticationProvider.
2024-09-02T11:44:10.175+02:00  INFO 10408 --- [mybopi] [           main] o.s.b.a.e.web.EndpointLinksResolver      : Exposing 1 endpoint beneath base path '/actuator'
2024-09-02T11:44:10.269+02:00  INFO 10408 --- [mybopi] [           main] o.s.s.web.DefaultSecurityFilterChain     : Will secure any request with [org.springframework.security.web.session.DisableEncodeUrlFilter@66ce59d9, org.springframework.security.web.context.request.async.WebAsyncManagerIntegrationFilter@3fd7be2d, org.springframework.security.web.context.SecurityContextHolderFilter@67d44ae9, org.springframework.security.web.header.HeaderWriterFilter@6d2d04ef, org.springframework.web.filter.CorsFilter@34a91445, org.springframework.security.web.authentication.logout.LogoutFilter@6a8b47ac, org.springframework.security.web.authentication.UsernamePasswordAuthenticationFilter@2ae84b49, org.springframework.security.web.authentication.www.BasicAuthenticationFilter@6d4f29a4, org.springframework.security.web.savedrequest.RequestCacheAwareFilter@54b2416d, org.springframework.security.web.servletapi.SecurityContextHolderAwareRequestFilter@3a9c5f14, org.springframework.security.web.authentication.AnonymousAuthenticationFilter@4a09f5b, org.springframework.security.web.access.ExceptionTranslationFilter@56297b5f, org.springframework.security.web.access.intercept.AuthorizationFilter@3e0e2a80]
2024-09-02T11:44:10.279+02:00  WARN 10408 --- [mybopi] [           main] o.s.s.c.a.web.builders.WebSecurity       : You are asking Spring Security to ignore Ant [pattern='/vendor/**']. This is not recommended -- please use permitAll via HttpSecurity#authorizeHttpRequests instead.
2024-09-02T11:44:10.279+02:00  INFO 10408 --- [mybopi] [           main] o.s.s.web.DefaultSecurityFilterChain     : Will not secure Ant [pattern='/vendor/**']
2024-09-02T11:44:10.280+02:00  WARN 10408 --- [mybopi] [           main] o.s.s.c.a.web.builders.WebSecurity       : You are asking Spring Security to ignore Ant [pattern='/css/**']. This is not recommended -- please use permitAll via HttpSecurity#authorizeHttpRequests instead.
2024-09-02T11:44:10.280+02:00  INFO 10408 --- [mybopi] [           main] o.s.s.web.DefaultSecurityFilterChain     : Will not secure Ant [pattern='/css/**']
2024-09-02T11:44:10.772+02:00  INFO 10408 --- [mybopi] [           main] e.mybopi.mybopi.MybopiApplicationTests   : Started MybopiApplicationTests in 5.525 seconds (process running for 6.378)
]]></system-out>
    <system-err><![CDATA[WARNING: A Java agent has been loaded dynamically (C:\Users\edu_m\.m2\repository\net\bytebuddy\byte-buddy-agent\1.14.16\byte-buddy-agent-1.14.16.jar)
WARNING: If a serviceability tool is in use, please run with -XX:+EnableDynamicAgentLoading to hide this warning
WARNING: If a serviceability tool is not in use, please run with -Djdk.instrument.traceUsage for more information
WARNING: Dynamic loading of agents will be disallowed by default in a future release
]]></system-err>
  </testcase>
</testsuite>